{"C:\\Users\\mishe\\Desktop\\BE_cost_manager-fixed\\src\\app.js": {"path":"C:\\Users\\mishe\\Desktop\\BE_cost_manager-fixed\\src\\app.js","statementMap":{"0":{"start":{"line":1,"column":16},"end":{"line":1,"column":34}},"1":{"start":{"line":2,"column":12},"end":{"line":2,"column":21}},"2":{"start":{"line":4,"column":22},"end":{"line":4,"column":60}},"3":{"start":{"line":5,"column":18},"end":{"line":5,"column":37}},"4":{"start":{"line":7,"column":0},"end":{"line":7,"column":24}},"5":{"start":{"line":9,"column":0},"end":{"line":9,"column":26}},"6":{"start":{"line":12,"column":0},"end":{"line":12,"column":27}},"7":{"start":{"line":14,"column":0},"end":{"line":14,"column":21}}},"fnMap":{},"branchMap":{},"s":{"0":5,"1":5,"2":5,"3":5,"4":5,"5":5,"6":5,"7":5},"f":{},"b":{},"_coverageSchema":"1a1c01bbd47fc00a2c39e90264f33305004495a9","hash":"3b54c543dce950b917fdc03ceb2f7f790ecc6ca1"}
,"C:\\Users\\mishe\\Desktop\\BE_cost_manager-fixed\\src\\config\\logger.js": {"path":"C:\\Users\\mishe\\Desktop\\BE_cost_manager-fixed\\src\\config\\logger.js","statementMap":{"0":{"start":{"line":1,"column":13},"end":{"line":1,"column":28}},"1":{"start":{"line":2,"column":17},"end":{"line":2,"column":37}},"2":{"start":{"line":3,"column":12},"end":{"line":3,"column":43}},"3":{"start":{"line":5,"column":15},"end":{"line":5,"column":63}},"4":{"start":{"line":8,"column":19},"end":{"line":8,"column":39}},"5":{"start":{"line":11,"column":24},"end":{"line":11,"column":102}},"6":{"start":{"line":13,"column":2},"end":{"line":40,"column":5}},"7":{"start":{"line":14,"column":4},"end":{"line":14,"column":31}},"8":{"start":{"line":14,"column":24},"end":{"line":14,"column":31}},"9":{"start":{"line":17,"column":6},"end":{"line":18,"column":46}},"10":{"start":{"line":20,"column":16},"end":{"line":29,"column":5}},"11":{"start":{"line":31,"column":4},"end":{"line":39,"column":5}},"12":{"start":{"line":32,"column":6},"end":{"line":36,"column":7}},"13":{"start":{"line":33,"column":8},"end":{"line":33,"column":30}},"14":{"start":{"line":35,"column":8},"end":{"line":35,"column":58}},"15":{"start":{"line":38,"column":6},"end":{"line":38,"column":58}},"16":{"start":{"line":42,"column":2},"end":{"line":42,"column":9}},"17":{"start":{"line":46,"column":2},"end":{"line":46,"column":96}},"18":{"start":{"line":49,"column":22},"end":{"line":52,"column":1}},"19":{"start":{"line":49,"column":32},"end":{"line":52,"column":1}},"20":{"start":{"line":50,"column":2},"end":{"line":50,"column":30}},"21":{"start":{"line":51,"column":2},"end":{"line":51,"column":9}},"22":{"start":{"line":54,"column":0},"end":{"line":60,"column":2}}},"fnMap":{"0":{"name":"persistRequestLog","decl":{"start":{"line":10,"column":9},"end":{"line":10,"column":26}},"loc":{"start":{"line":10,"column":43},"end":{"line":43,"column":1}},"line":10},"1":{"name":"(anonymous_1)","decl":{"start":{"line":13,"column":19},"end":{"line":13,"column":20}},"loc":{"start":{"line":13,"column":31},"end":{"line":40,"column":3}},"line":13},"2":{"name":"logEndpointEntry","decl":{"start":{"line":45,"column":9},"end":{"line":45,"column":25}},"loc":{"start":{"line":45,"column":37},"end":{"line":47,"column":1}},"line":45},"3":{"name":"(anonymous_3)","decl":{"start":{"line":49,"column":22},"end":{"line":49,"column":23}},"loc":{"start":{"line":49,"column":32},"end":{"line":52,"column":1}},"line":49},"4":{"name":"(anonymous_4)","decl":{"start":{"line":49,"column":32},"end":{"line":49,"column":33}},"loc":{"start":{"line":49,"column":53},"end":{"line":52,"column":1}},"line":49}},"branchMap":{"0":{"loc":{"start":{"line":5,"column":29},"end":{"line":5,"column":60}},"type":"binary-expr","locations":[{"start":{"line":5,"column":29},"end":{"line":5,"column":50}},{"start":{"line":5,"column":54},"end":{"line":5,"column":60}}],"line":5},"1":{"loc":{"start":{"line":11,"column":24},"end":{"line":11,"column":102}},"type":"binary-expr","locations":[{"start":{"line":11,"column":24},"end":{"line":11,"column":55}},{"start":{"line":11,"column":59},"end":{"line":11,"column":102}}],"line":11},"2":{"loc":{"start":{"line":14,"column":4},"end":{"line":14,"column":31}},"type":"if","locations":[{"start":{"line":14,"column":4},"end":{"line":14,"column":31}},{"start":{},"end":{}}],"line":14},"3":{"loc":{"start":{"line":17,"column":6},"end":{"line":18,"column":46}},"type":"cond-expr","locations":[{"start":{"line":17,"column":30},"end":{"line":17,"column":37}},{"start":{"line":18,"column":6},"end":{"line":18,"column":46}}],"line":17},"4":{"loc":{"start":{"line":18,"column":6},"end":{"line":18,"column":46}},"type":"cond-expr","locations":[{"start":{"line":18,"column":30},"end":{"line":18,"column":36}},{"start":{"line":18,"column":40},"end":{"line":18,"column":46}}],"line":18},"5":{"loc":{"start":{"line":24,"column":11},"end":{"line":24,"column":37}},"type":"binary-expr","locations":[{"start":{"line":24,"column":11},"end":{"line":24,"column":26}},{"start":{"line":24,"column":30},"end":{"line":24,"column":37}}],"line":24},"6":{"loc":{"start":{"line":32,"column":6},"end":{"line":36,"column":7}},"type":"if","locations":[{"start":{"line":32,"column":6},"end":{"line":36,"column":7}},{"start":{"line":34,"column":13},"end":{"line":36,"column":7}}],"line":32},"7":{"loc":{"start":{"line":32,"column":10},"end":{"line":32,"column":49}},"type":"binary-expr","locations":[{"start":{"line":32,"column":10},"end":{"line":32,"column":13}},{"start":{"line":32,"column":17},"end":{"line":32,"column":49}}],"line":32}},"s":{"0":5,"1":5,"2":5,"3":5,"4":5,"5":11,"6":11,"7":11,"8":11,"9":0,"10":0,"11":0,"12":0,"13":0,"14":0,"15":0,"16":11,"17":7,"18":5,"19":0,"20":0,"21":0,"22":5},"f":{"0":11,"1":11,"2":7,"3":0,"4":0},"b":{"0":[5,5],"1":[11,0],"2":[11,0],"3":[0,0],"4":[0,0],"5":[0,0],"6":[0,0],"7":[0,0]},"_coverageSchema":"1a1c01bbd47fc00a2c39e90264f33305004495a9","hash":"d09b7e88bae843e378b0ab1a98d159f7403df172"}
,"C:\\Users\\mishe\\Desktop\\BE_cost_manager-fixed\\src\\controllers\\about.controller.js": {"path":"C:\\Users\\mishe\\Desktop\\BE_cost_manager-fixed\\src\\controllers\\about.controller.js","statementMap":{"0":{"start":{"line":1,"column":29},"end":{"line":1,"column":56}},"1":{"start":{"line":3,"column":13},"end":{"line":6,"column":1}},"2":{"start":{"line":10,"column":2},"end":{"line":10,"column":42}},"3":{"start":{"line":11,"column":2},"end":{"line":11,"column":17}},"4":{"start":{"line":14,"column":0},"end":{"line":14,"column":30}}},"fnMap":{"0":{"name":"getAbout","decl":{"start":{"line":9,"column":15},"end":{"line":9,"column":23}},"loc":{"start":{"line":9,"column":34},"end":{"line":12,"column":1}},"line":9}},"branchMap":{},"s":{"0":5,"1":5,"2":1,"3":1,"4":5},"f":{"0":1},"b":{},"_coverageSchema":"1a1c01bbd47fc00a2c39e90264f33305004495a9","hash":"ccaa105cfc792577f0fc93b71d45940c5139ac85"}
,"C:\\Users\\mishe\\Desktop\\BE_cost_manager-fixed\\src\\controllers\\costs.controller.js": {"path":"C:\\Users\\mishe\\Desktop\\BE_cost_manager-fixed\\src\\controllers\\costs.controller.js","statementMap":{"0":{"start":{"line":1,"column":17},"end":{"line":1,"column":36}},"1":{"start":{"line":2,"column":13},"end":{"line":2,"column":45}},"2":{"start":{"line":3,"column":13},"end":{"line":3,"column":45}},"3":{"start":{"line":5,"column":19},"end":{"line":5,"column":71}},"4":{"start":{"line":7,"column":0},"end":{"line":80,"column":2}},"5":{"start":{"line":8,"column":2},"end":{"line":79,"column":3}},"6":{"start":{"line":9,"column":63},"end":{"line":9,"column":77}},"7":{"start":{"line":11,"column":16},"end":{"line":11,"column":30}},"8":{"start":{"line":12,"column":19},"end":{"line":12,"column":30}},"9":{"start":{"line":15,"column":4},"end":{"line":24,"column":5}},"10":{"start":{"line":23,"column":6},"end":{"line":23,"column":63}},"11":{"start":{"line":27,"column":4},"end":{"line":29,"column":5}},"12":{"start":{"line":28,"column":6},"end":{"line":28,"column":65}},"13":{"start":{"line":33,"column":4},"end":{"line":43,"column":5}},"14":{"start":{"line":34,"column":25},"end":{"line":34,"column":56}},"15":{"start":{"line":35,"column":6},"end":{"line":39,"column":7}},"16":{"start":{"line":36,"column":8},"end":{"line":36,"column":39}},"17":{"start":{"line":38,"column":8},"end":{"line":38,"column":26}},"18":{"start":{"line":42,"column":6},"end":{"line":42,"column":63}},"19":{"start":{"line":44,"column":4},"end":{"line":46,"column":5}},"20":{"start":{"line":45,"column":6},"end":{"line":45,"column":63}},"21":{"start":{"line":48,"column":20},"end":{"line":48,"column":66}},"22":{"start":{"line":49,"column":4},"end":{"line":51,"column":5}},"23":{"start":{"line":50,"column":6},"end":{"line":50,"column":63}},"24":{"start":{"line":52,"column":16},"end":{"line":52,"column":26}},"25":{"start":{"line":53,"column":4},"end":{"line":55,"column":5}},"26":{"start":{"line":54,"column":6},"end":{"line":54,"column":76}},"27":{"start":{"line":58,"column":16},"end":{"line":64,"column":6}},"28":{"start":{"line":66,"column":4},"end":{"line":72,"column":7}},"29":{"start":{"line":75,"column":4},"end":{"line":77,"column":5}},"30":{"start":{"line":76,"column":6},"end":{"line":76,"column":63}},"31":{"start":{"line":78,"column":4},"end":{"line":78,"column":61}}},"fnMap":{"0":{"name":"(anonymous_0)","decl":{"start":{"line":7,"column":18},"end":{"line":7,"column":19}},"loc":{"start":{"line":7,"column":38},"end":{"line":80,"column":1}},"line":7}},"branchMap":{"0":{"loc":{"start":{"line":9,"column":63},"end":{"line":9,"column":77}},"type":"binary-expr","locations":[{"start":{"line":9,"column":63},"end":{"line":9,"column":71}},{"start":{"line":9,"column":75},"end":{"line":9,"column":77}}],"line":9},"1":{"loc":{"start":{"line":15,"column":4},"end":{"line":24,"column":5}},"type":"if","locations":[{"start":{"line":15,"column":4},"end":{"line":24,"column":5}},{"start":{},"end":{}}],"line":15},"2":{"loc":{"start":{"line":16,"column":6},"end":{"line":20,"column":30}},"type":"binary-expr","locations":[{"start":{"line":16,"column":6},"end":{"line":16,"column":37}},{"start":{"line":17,"column":6},"end":{"line":17,"column":25}},{"start":{"line":18,"column":6},"end":{"line":18,"column":36}},{"start":{"line":19,"column":6},"end":{"line":19,"column":28}},{"start":{"line":20,"column":6},"end":{"line":20,"column":30}}],"line":16},"3":{"loc":{"start":{"line":27,"column":4},"end":{"line":29,"column":5}},"type":"if","locations":[{"start":{"line":27,"column":4},"end":{"line":29,"column":5}},{"start":{},"end":{}}],"line":27},"4":{"loc":{"start":{"line":35,"column":6},"end":{"line":39,"column":7}},"type":"if","locations":[{"start":{"line":35,"column":6},"end":{"line":39,"column":7}},{"start":{"line":37,"column":13},"end":{"line":39,"column":7}}],"line":35},"5":{"loc":{"start":{"line":35,"column":10},"end":{"line":35,"column":61}},"type":"binary-expr","locations":[{"start":{"line":35,"column":10},"end":{"line":35,"column":20}},{"start":{"line":35,"column":24},"end":{"line":35,"column":61}}],"line":35},"6":{"loc":{"start":{"line":44,"column":4},"end":{"line":46,"column":5}},"type":"if","locations":[{"start":{"line":44,"column":4},"end":{"line":46,"column":5}},{"start":{},"end":{}}],"line":44},"7":{"loc":{"start":{"line":48,"column":20},"end":{"line":48,"column":66}},"type":"cond-expr","locations":[{"start":{"line":48,"column":33},"end":{"line":48,"column":53}},{"start":{"line":48,"column":56},"end":{"line":48,"column":66}}],"line":48},"8":{"loc":{"start":{"line":49,"column":4},"end":{"line":51,"column":5}},"type":"if","locations":[{"start":{"line":49,"column":4},"end":{"line":51,"column":5}},{"start":{},"end":{}}],"line":49},"9":{"loc":{"start":{"line":53,"column":4},"end":{"line":55,"column":5}},"type":"if","locations":[{"start":{"line":53,"column":4},"end":{"line":55,"column":5}},{"start":{},"end":{}}],"line":53},"10":{"loc":{"start":{"line":53,"column":8},"end":{"line":53,"column":57}},"type":"binary-expr","locations":[{"start":{"line":53,"column":8},"end":{"line":53,"column":18}},{"start":{"line":53,"column":22},"end":{"line":53,"column":57}}],"line":53},"11":{"loc":{"start":{"line":75,"column":4},"end":{"line":77,"column":5}},"type":"if","locations":[{"start":{"line":75,"column":4},"end":{"line":77,"column":5}},{"start":{},"end":{}}],"line":75}},"s":{"0":5,"1":5,"2":5,"3":5,"4":5,"5":2,"6":2,"7":2,"8":2,"9":2,"10":0,"11":2,"12":0,"13":2,"14":2,"15":2,"16":0,"17":2,"18":0,"19":2,"20":1,"21":1,"22":1,"23":0,"24":1,"25":1,"26":0,"27":1,"28":1,"29":0,"30":0,"31":0},"f":{"0":2},"b":{"0":[2,0],"1":[0,2],"2":[2,2,2,2,2],"3":[0,2],"4":[0,2],"5":[2,1],"6":[1,1],"7":[0,1],"8":[0,1],"9":[0,1],"10":[1,0],"11":[0,0]},"_coverageSchema":"1a1c01bbd47fc00a2c39e90264f33305004495a9","hash":"ca17b2b31384b1b7a78b2f3a94b024f91cd8c5ff"}
,"C:\\Users\\mishe\\Desktop\\BE_cost_manager-fixed\\src\\controllers\\logs.controller.js": {"path":"C:\\Users\\mishe\\Desktop\\BE_cost_manager-fixed\\src\\controllers\\logs.controller.js","statementMap":{"0":{"start":{"line":1,"column":29},"end":{"line":1,"column":56}},"1":{"start":{"line":2,"column":12},"end":{"line":2,"column":43}},"2":{"start":{"line":6,"column":2},"end":{"line":6,"column":41}},"3":{"start":{"line":7,"column":2},"end":{"line":12,"column":3}},"4":{"start":{"line":8,"column":17},"end":{"line":8,"column":66}},"5":{"start":{"line":9,"column":4},"end":{"line":9,"column":26}},"6":{"start":{"line":11,"column":4},"end":{"line":11,"column":61}},"7":{"start":{"line":15,"column":0},"end":{"line":15,"column":30}}},"fnMap":{"0":{"name":"listLogs","decl":{"start":{"line":5,"column":15},"end":{"line":5,"column":23}},"loc":{"start":{"line":5,"column":34},"end":{"line":13,"column":1}},"line":5}},"branchMap":{},"s":{"0":5,"1":5,"2":1,"3":1,"4":1,"5":1,"6":0,"7":5},"f":{"0":1},"b":{},"_coverageSchema":"1a1c01bbd47fc00a2c39e90264f33305004495a9","hash":"62941bae7e8ca36856c8a5150d3c8c09bb815e22"}
,"C:\\Users\\mishe\\Desktop\\BE_cost_manager-fixed\\src\\controllers\\reports.controller.js": {"path":"C:\\Users\\mishe\\Desktop\\BE_cost_manager-fixed\\src\\controllers\\reports.controller.js","statementMap":{"0":{"start":{"line":1,"column":29},"end":{"line":1,"column":56}},"1":{"start":{"line":2,"column":29},"end":{"line":2,"column":74}},"2":{"start":{"line":6,"column":2},"end":{"line":6,"column":49}},"3":{"start":{"line":8,"column":2},"end":{"line":33,"column":3}},"4":{"start":{"line":9,"column":19},"end":{"line":9,"column":39}},"5":{"start":{"line":10,"column":19},"end":{"line":10,"column":41}},"6":{"start":{"line":11,"column":19},"end":{"line":11,"column":42}},"7":{"start":{"line":13,"column":4},"end":{"line":20,"column":5}},"8":{"start":{"line":19,"column":6},"end":{"line":19,"column":63}},"9":{"start":{"line":22,"column":19},"end":{"line":22,"column":70}},"10":{"start":{"line":23,"column":4},"end":{"line":23,"column":40}},"11":{"start":{"line":26,"column":4},"end":{"line":28,"column":5}},"12":{"start":{"line":27,"column":6},"end":{"line":27,"column":63}},"13":{"start":{"line":29,"column":4},"end":{"line":31,"column":5}},"14":{"start":{"line":30,"column":6},"end":{"line":30,"column":63}},"15":{"start":{"line":32,"column":4},"end":{"line":32,"column":61}},"16":{"start":{"line":36,"column":0},"end":{"line":36,"column":31}}},"fnMap":{"0":{"name":"getReport","decl":{"start":{"line":5,"column":15},"end":{"line":5,"column":24}},"loc":{"start":{"line":5,"column":35},"end":{"line":34,"column":1}},"line":5}},"branchMap":{"0":{"loc":{"start":{"line":13,"column":4},"end":{"line":20,"column":5}},"type":"if","locations":[{"start":{"line":13,"column":4},"end":{"line":20,"column":5}},{"start":{},"end":{}}],"line":13},"1":{"loc":{"start":{"line":14,"column":6},"end":{"line":17,"column":29}},"type":"binary-expr","locations":[{"start":{"line":14,"column":6},"end":{"line":14,"column":31}},{"start":{"line":15,"column":6},"end":{"line":15,"column":29}},{"start":{"line":16,"column":6},"end":{"line":16,"column":30}},{"start":{"line":17,"column":6},"end":{"line":17,"column":15}},{"start":{"line":17,"column":19},"end":{"line":17,"column":29}}],"line":14},"2":{"loc":{"start":{"line":26,"column":4},"end":{"line":28,"column":5}},"type":"if","locations":[{"start":{"line":26,"column":4},"end":{"line":28,"column":5}},{"start":{},"end":{}}],"line":26},"3":{"loc":{"start":{"line":26,"column":8},"end":{"line":26,"column":42}},"type":"binary-expr","locations":[{"start":{"line":26,"column":8},"end":{"line":26,"column":11}},{"start":{"line":26,"column":16},"end":{"line":26,"column":41}}],"line":26},"4":{"loc":{"start":{"line":29,"column":4},"end":{"line":31,"column":5}},"type":"if","locations":[{"start":{"line":29,"column":4},"end":{"line":31,"column":5}},{"start":{},"end":{}}],"line":29},"5":{"loc":{"start":{"line":29,"column":8},"end":{"line":29,"column":46}},"type":"binary-expr","locations":[{"start":{"line":29,"column":8},"end":{"line":29,"column":11}},{"start":{"line":29,"column":16},"end":{"line":29,"column":45}}],"line":29}},"s":{"0":5,"1":5,"2":2,"3":2,"4":2,"5":2,"6":2,"7":2,"8":1,"9":1,"10":1,"11":0,"12":0,"13":0,"14":0,"15":0,"16":5},"f":{"0":2},"b":{"0":[1,1],"1":[2,1,1,1,1],"2":[0,0],"3":[0,0],"4":[0,0],"5":[0,0]},"_coverageSchema":"1a1c01bbd47fc00a2c39e90264f33305004495a9","hash":"a98592f802a4f4a4c7707aa3b6d9efb8e554c25c"}
,"C:\\Users\\mishe\\Desktop\\BE_cost_manager-fixed\\src\\controllers\\users.controller.js": {"path":"C:\\Users\\mishe\\Desktop\\BE_cost_manager-fixed\\src\\controllers\\users.controller.js","statementMap":{"0":{"start":{"line":1,"column":29},"end":{"line":1,"column":56}},"1":{"start":{"line":2,"column":13},"end":{"line":2,"column":45}},"2":{"start":{"line":3,"column":13},"end":{"line":3,"column":45}},"3":{"start":{"line":7,"column":2},"end":{"line":7,"column":48}},"4":{"start":{"line":8,"column":2},"end":{"line":26,"column":3}},"5":{"start":{"line":9,"column":52},"end":{"line":9,"column":60}},"6":{"start":{"line":11,"column":19},"end":{"line":11,"column":45}},"7":{"start":{"line":12,"column":4},"end":{"line":12,"column":70}},"8":{"start":{"line":12,"column":16},"end":{"line":12,"column":70}},"9":{"start":{"line":14,"column":20},"end":{"line":14,"column":49}},"10":{"start":{"line":15,"column":4},"end":{"line":15,"column":46}},"11":{"start":{"line":15,"column":18},"end":{"line":15,"column":46}},"12":{"start":{"line":17,"column":16},"end":{"line":17,"column":42}},"13":{"start":{"line":18,"column":4},"end":{"line":23,"column":7}},"14":{"start":{"line":25,"column":4},"end":{"line":25,"column":61}},"15":{"start":{"line":31,"column":2},"end":{"line":31,"column":46}},"16":{"start":{"line":32,"column":2},"end":{"line":55,"column":3}},"17":{"start":{"line":33,"column":15},"end":{"line":33,"column":36}},"18":{"start":{"line":35,"column":17},"end":{"line":38,"column":5}},"19":{"start":{"line":39,"column":4},"end":{"line":39,"column":67}},"20":{"start":{"line":39,"column":15},"end":{"line":39,"column":67}},"21":{"start":{"line":41,"column":16},"end":{"line":44,"column":6}},"22":{"start":{"line":45,"column":18},"end":{"line":45,"column":54}},"23":{"start":{"line":47,"column":4},"end":{"line":52,"column":7}},"24":{"start":{"line":54,"column":4},"end":{"line":54,"column":61}},"25":{"start":{"line":60,"column":2},"end":{"line":60,"column":42}},"26":{"start":{"line":61,"column":2},"end":{"line":69,"column":3}},"27":{"start":{"line":62,"column":18},"end":{"line":65,"column":5}},"28":{"start":{"line":66,"column":4},"end":{"line":66,"column":33}},"29":{"start":{"line":68,"column":4},"end":{"line":68,"column":61}},"30":{"start":{"line":72,"column":0},"end":{"line":72,"column":53}}},"fnMap":{"0":{"name":"addUser","decl":{"start":{"line":6,"column":15},"end":{"line":6,"column":22}},"loc":{"start":{"line":6,"column":33},"end":{"line":27,"column":1}},"line":6},"1":{"name":"getUserById","decl":{"start":{"line":30,"column":15},"end":{"line":30,"column":26}},"loc":{"start":{"line":30,"column":37},"end":{"line":56,"column":1}},"line":30},"2":{"name":"listUsers","decl":{"start":{"line":59,"column":15},"end":{"line":59,"column":24}},"loc":{"start":{"line":59,"column":35},"end":{"line":70,"column":1}},"line":59}},"branchMap":{"0":{"loc":{"start":{"line":12,"column":4},"end":{"line":12,"column":70}},"type":"if","locations":[{"start":{"line":12,"column":4},"end":{"line":12,"column":70}},{"start":{},"end":{}}],"line":12},"1":{"loc":{"start":{"line":15,"column":4},"end":{"line":15,"column":46}},"type":"if","locations":[{"start":{"line":15,"column":4},"end":{"line":15,"column":46}},{"start":{},"end":{}}],"line":15},"2":{"loc":{"start":{"line":22,"column":16},"end":{"line":22,"column":36}},"type":"binary-expr","locations":[{"start":{"line":22,"column":16},"end":{"line":22,"column":28}},{"start":{"line":22,"column":32},"end":{"line":22,"column":36}}],"line":22},"3":{"loc":{"start":{"line":39,"column":4},"end":{"line":39,"column":67}},"type":"if","locations":[{"start":{"line":39,"column":4},"end":{"line":39,"column":67}},{"start":{},"end":{}}],"line":39},"4":{"loc":{"start":{"line":45,"column":18},"end":{"line":45,"column":54}},"type":"cond-expr","locations":[{"start":{"line":45,"column":38},"end":{"line":45,"column":50}},{"start":{"line":45,"column":53},"end":{"line":45,"column":54}}],"line":45},"5":{"loc":{"start":{"line":45,"column":18},"end":{"line":45,"column":35}},"type":"binary-expr","locations":[{"start":{"line":45,"column":18},"end":{"line":45,"column":21}},{"start":{"line":45,"column":25},"end":{"line":45,"column":35}}],"line":45},"6":{"loc":{"start":{"line":66,"column":20},"end":{"line":66,"column":31}},"type":"binary-expr","locations":[{"start":{"line":66,"column":20},"end":{"line":66,"column":25}},{"start":{"line":66,"column":29},"end":{"line":66,"column":31}}],"line":66}},"s":{"0":5,"1":5,"2":5,"3":1,"4":1,"5":1,"6":1,"7":1,"8":0,"9":1,"10":1,"11":0,"12":1,"13":1,"14":0,"15":1,"16":1,"17":1,"18":1,"19":1,"20":0,"21":1,"22":1,"23":1,"24":0,"25":1,"26":1,"27":1,"28":1,"29":0,"30":5},"f":{"0":1,"1":1,"2":1},"b":{"0":[0,1],"1":[0,1],"2":[1,1],"3":[0,1],"4":[1,0],"5":[1,1],"6":[1,0]},"_coverageSchema":"1a1c01bbd47fc00a2c39e90264f33305004495a9","hash":"f18b9bd9be27123b43d55dffe7433e672279212c"}
,"C:\\Users\\mishe\\Desktop\\BE_cost_manager-fixed\\src\\middleware\\request-logger.js": {"path":"C:\\Users\\mishe\\Desktop\\BE_cost_manager-fixed\\src\\middleware\\request-logger.js","statementMap":{"0":{"start":{"line":2,"column":42},"end":{"line":2,"column":69}},"1":{"start":{"line":5,"column":0},"end":{"line":5,"column":49}}},"fnMap":{},"branchMap":{},"s":{"0":5,"1":5},"f":{},"b":{},"_coverageSchema":"1a1c01bbd47fc00a2c39e90264f33305004495a9","hash":"1af36ab6cd88db824255da0621151a253be6c4dd"}
,"C:\\Users\\mishe\\Desktop\\BE_cost_manager-fixed\\src\\middleware\\validate.js": {"path":"C:\\Users\\mishe\\Desktop\\BE_cost_manager-fixed\\src\\middleware\\validate.js","statementMap":{"0":{"start":{"line":2,"column":25},"end":{"line":2,"column":77}},"1":{"start":{"line":6,"column":12},"end":{"line":6,"column":26}},"2":{"start":{"line":7,"column":17},"end":{"line":7,"column":69}},"3":{"start":{"line":8,"column":17},"end":{"line":8,"column":73}},"4":{"start":{"line":10,"column":17},"end":{"line":10,"column":19}},"5":{"start":{"line":12,"column":2},"end":{"line":35,"column":3}},"6":{"start":{"line":13,"column":4},"end":{"line":13,"column":69}},"7":{"start":{"line":13,"column":34},"end":{"line":13,"column":69}},"8":{"start":{"line":14,"column":4},"end":{"line":15,"column":44}},"9":{"start":{"line":15,"column":6},"end":{"line":15,"column":44}},"10":{"start":{"line":16,"column":4},"end":{"line":17,"column":43}},"11":{"start":{"line":17,"column":6},"end":{"line":17,"column":43}},"12":{"start":{"line":18,"column":4},"end":{"line":21,"column":5}},"13":{"start":{"line":19,"column":16},"end":{"line":19,"column":36}},"14":{"start":{"line":20,"column":6},"end":{"line":20,"column":75}},"15":{"start":{"line":20,"column":30},"end":{"line":20,"column":75}},"16":{"start":{"line":22,"column":9},"end":{"line":35,"column":3}},"17":{"start":{"line":23,"column":4},"end":{"line":24,"column":45}},"18":{"start":{"line":24,"column":6},"end":{"line":24,"column":45}},"19":{"start":{"line":25,"column":4},"end":{"line":26,"column":76}},"20":{"start":{"line":26,"column":6},"end":{"line":26,"column":76}},"21":{"start":{"line":27,"column":4},"end":{"line":27,"column":77}},"22":{"start":{"line":27,"column":38},"end":{"line":27,"column":77}},"23":{"start":{"line":28,"column":4},"end":{"line":28,"column":71}},"24":{"start":{"line":28,"column":35},"end":{"line":28,"column":71}},"25":{"start":{"line":29,"column":4},"end":{"line":32,"column":5}},"26":{"start":{"line":30,"column":16},"end":{"line":30,"column":38}},"27":{"start":{"line":31,"column":6},"end":{"line":31,"column":77}},"28":{"start":{"line":31,"column":30},"end":{"line":31,"column":77}},"29":{"start":{"line":34,"column":4},"end":{"line":34,"column":32}},"30":{"start":{"line":37,"column":2},"end":{"line":37,"column":61}},"31":{"start":{"line":37,"column":21},"end":{"line":37,"column":61}},"32":{"start":{"line":38,"column":2},"end":{"line":38,"column":9}},"33":{"start":{"line":42,"column":30},"end":{"line":42,"column":45}},"34":{"start":{"line":43,"column":17},"end":{"line":43,"column":19}},"35":{"start":{"line":44,"column":2},"end":{"line":50,"column":3}},"36":{"start":{"line":45,"column":4},"end":{"line":45,"column":48}},"37":{"start":{"line":47,"column":4},"end":{"line":47,"column":62}},"38":{"start":{"line":47,"column":27},"end":{"line":47,"column":62}},"39":{"start":{"line":48,"column":4},"end":{"line":48,"column":66}},"40":{"start":{"line":48,"column":29},"end":{"line":48,"column":66}},"41":{"start":{"line":49,"column":4},"end":{"line":49,"column":68}},"42":{"start":{"line":49,"column":30},"end":{"line":49,"column":68}},"43":{"start":{"line":51,"column":2},"end":{"line":51,"column":61}},"44":{"start":{"line":51,"column":21},"end":{"line":51,"column":61}},"45":{"start":{"line":52,"column":2},"end":{"line":52,"column":9}},"46":{"start":{"line":55,"column":0},"end":{"line":55,"column":49}}},"fnMap":{"0":{"name":"validateAdd","decl":{"start":{"line":5,"column":9},"end":{"line":5,"column":20}},"loc":{"start":{"line":5,"column":37},"end":{"line":39,"column":1}},"line":5},"1":{"name":"validateReport","decl":{"start":{"line":41,"column":9},"end":{"line":41,"column":23}},"loc":{"start":{"line":41,"column":40},"end":{"line":53,"column":1}},"line":41}},"branchMap":{"0":{"loc":{"start":{"line":6,"column":12},"end":{"line":6,"column":26}},"type":"binary-expr","locations":[{"start":{"line":6,"column":12},"end":{"line":6,"column":20}},{"start":{"line":6,"column":24},"end":{"line":6,"column":26}}],"line":6},"1":{"loc":{"start":{"line":7,"column":17},"end":{"line":7,"column":69}},"type":"binary-expr","locations":[{"start":{"line":7,"column":17},"end":{"line":7,"column":26}},{"start":{"line":7,"column":31},"end":{"line":7,"column":48}},{"start":{"line":7,"column":52},"end":{"line":7,"column":68}}],"line":7},"2":{"loc":{"start":{"line":8,"column":17},"end":{"line":8,"column":73}},"type":"binary-expr","locations":[{"start":{"line":8,"column":17},"end":{"line":8,"column":30}},{"start":{"line":8,"column":35},"end":{"line":8,"column":53}},{"start":{"line":8,"column":57},"end":{"line":8,"column":72}}],"line":8},"3":{"loc":{"start":{"line":12,"column":2},"end":{"line":35,"column":3}},"type":"if","locations":[{"start":{"line":12,"column":2},"end":{"line":35,"column":3}},{"start":{"line":22,"column":9},"end":{"line":35,"column":3}}],"line":12},"4":{"loc":{"start":{"line":13,"column":4},"end":{"line":13,"column":69}},"type":"if","locations":[{"start":{"line":13,"column":4},"end":{"line":13,"column":69}},{"start":{},"end":{}}],"line":13},"5":{"loc":{"start":{"line":14,"column":4},"end":{"line":15,"column":44}},"type":"if","locations":[{"start":{"line":14,"column":4},"end":{"line":15,"column":44}},{"start":{},"end":{}}],"line":14},"6":{"loc":{"start":{"line":14,"column":8},"end":{"line":14,"column":64}},"type":"binary-expr","locations":[{"start":{"line":14,"column":8},"end":{"line":14,"column":40}},{"start":{"line":14,"column":44},"end":{"line":14,"column":64}}],"line":14},"7":{"loc":{"start":{"line":16,"column":4},"end":{"line":17,"column":43}},"type":"if","locations":[{"start":{"line":16,"column":4},"end":{"line":17,"column":43}},{"start":{},"end":{}}],"line":16},"8":{"loc":{"start":{"line":16,"column":8},"end":{"line":16,"column":62}},"type":"binary-expr","locations":[{"start":{"line":16,"column":8},"end":{"line":16,"column":39}},{"start":{"line":16,"column":43},"end":{"line":16,"column":62}}],"line":16},"9":{"loc":{"start":{"line":18,"column":4},"end":{"line":21,"column":5}},"type":"if","locations":[{"start":{"line":18,"column":4},"end":{"line":21,"column":5}},{"start":{},"end":{}}],"line":18},"10":{"loc":{"start":{"line":20,"column":6},"end":{"line":20,"column":75}},"type":"if","locations":[{"start":{"line":20,"column":6},"end":{"line":20,"column":75}},{"start":{},"end":{}}],"line":20},"11":{"loc":{"start":{"line":22,"column":9},"end":{"line":35,"column":3}},"type":"if","locations":[{"start":{"line":22,"column":9},"end":{"line":35,"column":3}},{"start":{"line":33,"column":9},"end":{"line":35,"column":3}}],"line":22},"12":{"loc":{"start":{"line":23,"column":4},"end":{"line":24,"column":45}},"type":"if","locations":[{"start":{"line":23,"column":4},"end":{"line":24,"column":45}},{"start":{},"end":{}}],"line":23},"13":{"loc":{"start":{"line":23,"column":8},"end":{"line":23,"column":66}},"type":"binary-expr","locations":[{"start":{"line":23,"column":8},"end":{"line":23,"column":41}},{"start":{"line":23,"column":45},"end":{"line":23,"column":66}}],"line":23},"14":{"loc":{"start":{"line":25,"column":4},"end":{"line":26,"column":76}},"type":"if","locations":[{"start":{"line":25,"column":4},"end":{"line":26,"column":76}},{"start":{},"end":{}}],"line":25},"15":{"loc":{"start":{"line":25,"column":8},"end":{"line":25,"column":80}},"type":"binary-expr","locations":[{"start":{"line":25,"column":8},"end":{"line":25,"column":38}},{"start":{"line":25,"column":42},"end":{"line":25,"column":80}}],"line":25},"16":{"loc":{"start":{"line":27,"column":4},"end":{"line":27,"column":77}},"type":"if","locations":[{"start":{"line":27,"column":4},"end":{"line":27,"column":77}},{"start":{},"end":{}}],"line":27},"17":{"loc":{"start":{"line":28,"column":4},"end":{"line":28,"column":71}},"type":"if","locations":[{"start":{"line":28,"column":4},"end":{"line":28,"column":71}},{"start":{},"end":{}}],"line":28},"18":{"loc":{"start":{"line":29,"column":4},"end":{"line":32,"column":5}},"type":"if","locations":[{"start":{"line":29,"column":4},"end":{"line":32,"column":5}},{"start":{},"end":{}}],"line":29},"19":{"loc":{"start":{"line":31,"column":6},"end":{"line":31,"column":77}},"type":"if","locations":[{"start":{"line":31,"column":6},"end":{"line":31,"column":77}},{"start":{},"end":{}}],"line":31},"20":{"loc":{"start":{"line":37,"column":2},"end":{"line":37,"column":61}},"type":"if","locations":[{"start":{"line":37,"column":2},"end":{"line":37,"column":61}},{"start":{},"end":{}}],"line":37},"21":{"loc":{"start":{"line":42,"column":30},"end":{"line":42,"column":45}},"type":"binary-expr","locations":[{"start":{"line":42,"column":30},"end":{"line":42,"column":39}},{"start":{"line":42,"column":43},"end":{"line":42,"column":45}}],"line":42},"22":{"loc":{"start":{"line":44,"column":2},"end":{"line":50,"column":3}},"type":"if","locations":[{"start":{"line":44,"column":2},"end":{"line":50,"column":3}},{"start":{"line":46,"column":9},"end":{"line":50,"column":3}}],"line":44},"23":{"loc":{"start":{"line":44,"column":6},"end":{"line":44,"column":67}},"type":"binary-expr","locations":[{"start":{"line":44,"column":6},"end":{"line":44,"column":22}},{"start":{"line":44,"column":26},"end":{"line":44,"column":44}},{"start":{"line":44,"column":48},"end":{"line":44,"column":67}}],"line":44},"24":{"loc":{"start":{"line":47,"column":4},"end":{"line":47,"column":62}},"type":"if","locations":[{"start":{"line":47,"column":4},"end":{"line":47,"column":62}},{"start":{},"end":{}}],"line":47},"25":{"loc":{"start":{"line":48,"column":4},"end":{"line":48,"column":66}},"type":"if","locations":[{"start":{"line":48,"column":4},"end":{"line":48,"column":66}},{"start":{},"end":{}}],"line":48},"26":{"loc":{"start":{"line":49,"column":4},"end":{"line":49,"column":68}},"type":"if","locations":[{"start":{"line":49,"column":4},"end":{"line":49,"column":68}},{"start":{},"end":{}}],"line":49},"27":{"loc":{"start":{"line":51,"column":2},"end":{"line":51,"column":61}},"type":"if","locations":[{"start":{"line":51,"column":2},"end":{"line":51,"column":61}},{"start":{},"end":{}}],"line":51}},"s":{"0":5,"1":5,"2":5,"3":5,"4":5,"5":5,"6":1,"7":0,"8":1,"9":0,"10":1,"11":0,"12":1,"13":0,"14":0,"15":0,"16":4,"17":2,"18":0,"19":2,"20":0,"21":2,"22":0,"23":2,"24":0,"25":2,"26":0,"27":0,"28":0,"29":2,"30":5,"31":2,"32":3,"33":0,"34":0,"35":0,"36":0,"37":0,"38":0,"39":0,"40":0,"41":0,"42":0,"43":0,"44":0,"45":0,"46":5},"f":{"0":5,"1":0},"b":{"0":[5,0],"1":[5,4,0],"2":[5,3,0],"3":[1,4],"4":[0,1],"5":[0,1],"6":[1,1],"7":[0,1],"8":[1,1],"9":[0,1],"10":[0,0],"11":[2,2],"12":[0,2],"13":[2,2],"14":[0,2],"15":[2,2],"16":[0,2],"17":[0,2],"18":[0,2],"19":[0,0],"20":[2,3],"21":[0,0],"22":[0,0],"23":[0,0,0],"24":[0,0],"25":[0,0],"26":[0,0],"27":[0,0]},"_coverageSchema":"1a1c01bbd47fc00a2c39e90264f33305004495a9","hash":"042bc8ed935644d80edd933717d77c3e7f44d155"}
,"C:\\Users\\mishe\\Desktop\\BE_cost_manager-fixed\\src\\models\\costs.model.js": {"path":"C:\\Users\\mishe\\Desktop\\BE_cost_manager-fixed\\src\\models\\costs.model.js","statementMap":{"0":{"start":{"line":1,"column":17},"end":{"line":1,"column":36}},"1":{"start":{"line":4,"column":19},"end":{"line":4,"column":71}},"2":{"start":{"line":6,"column":19},"end":{"line":17,"column":1}},"3":{"start":{"line":19,"column":0},"end":{"line":19,"column":52}}},"fnMap":{},"branchMap":{},"s":{"0":3,"1":3,"2":3,"3":3},"f":{},"b":{},"_coverageSchema":"1a1c01bbd47fc00a2c39e90264f33305004495a9","hash":"772e1b96eb596e9acc54083be50000eb24e328b3"}
,"C:\\Users\\mishe\\Desktop\\BE_cost_manager-fixed\\src\\models\\logs.model.js": {"path":"C:\\Users\\mishe\\Desktop\\BE_cost_manager-fixed\\src\\models\\logs.model.js","statementMap":{"0":{"start":{"line":1,"column":17},"end":{"line":1,"column":36}},"1":{"start":{"line":4,"column":18},"end":{"line":17,"column":1}},"2":{"start":{"line":19,"column":0},"end":{"line":19,"column":50}}},"fnMap":{},"branchMap":{},"s":{"0":4,"1":4,"2":4},"f":{},"b":{},"_coverageSchema":"1a1c01bbd47fc00a2c39e90264f33305004495a9","hash":"238bed1a3557c750a22bf7576324c67504ae2024"}
,"C:\\Users\\mishe\\Desktop\\BE_cost_manager-fixed\\src\\models\\reports.model.js": {"path":"C:\\Users\\mishe\\Desktop\\BE_cost_manager-fixed\\src\\models\\reports.model.js","statementMap":{"0":{"start":{"line":1,"column":17},"end":{"line":1,"column":36}},"1":{"start":{"line":9,"column":21},"end":{"line":17,"column":1}},"2":{"start":{"line":19,"column":0},"end":{"line":19,"column":71}},"3":{"start":{"line":21,"column":0},"end":{"line":21,"column":56}}},"fnMap":{},"branchMap":{},"s":{"0":4,"1":4,"2":4,"3":4},"f":{},"b":{},"_coverageSchema":"1a1c01bbd47fc00a2c39e90264f33305004495a9","hash":"9b24c1a25adf0407fda00d84b0bdb75d552a0046"}
,"C:\\Users\\mishe\\Desktop\\BE_cost_manager-fixed\\src\\models\\users.model.js": {"path":"C:\\Users\\mishe\\Desktop\\BE_cost_manager-fixed\\src\\models\\users.model.js","statementMap":{"0":{"start":{"line":1,"column":17},"end":{"line":1,"column":36}},"1":{"start":{"line":3,"column":19},"end":{"line":11,"column":1}},"2":{"start":{"line":13,"column":0},"end":{"line":13,"column":52}}},"fnMap":{},"branchMap":{},"s":{"0":3,"1":3,"2":3},"f":{},"b":{},"_coverageSchema":"1a1c01bbd47fc00a2c39e90264f33305004495a9","hash":"31807ad20933c20ce77a14bd2c1ded207b84b791"}
,"C:\\Users\\mishe\\Desktop\\BE_cost_manager-fixed\\src\\routes\\about.routes.js": {"path":"C:\\Users\\mishe\\Desktop\\BE_cost_manager-fixed\\src\\routes\\about.routes.js","statementMap":{"0":{"start":{"line":1,"column":16},"end":{"line":1,"column":34}},"1":{"start":{"line":2,"column":21},"end":{"line":2,"column":63}},"2":{"start":{"line":4,"column":15},"end":{"line":4,"column":31}},"3":{"start":{"line":6,"column":0},"end":{"line":6,"column":31}},"4":{"start":{"line":8,"column":0},"end":{"line":8,"column":24}}},"fnMap":{},"branchMap":{},"s":{"0":5,"1":5,"2":5,"3":5,"4":5},"f":{},"b":{},"_coverageSchema":"1a1c01bbd47fc00a2c39e90264f33305004495a9","hash":"fa90a80ac8c3ab4851af8986747177b87c626ffb"}
,"C:\\Users\\mishe\\Desktop\\BE_cost_manager-fixed\\src\\routes\\add.routes.js": {"path":"C:\\Users\\mishe\\Desktop\\BE_cost_manager-fixed\\src\\routes\\add.routes.js","statementMap":{"0":{"start":{"line":1,"column":15},"end":{"line":1,"column":42}},"1":{"start":{"line":2,"column":24},"end":{"line":2,"column":57}},"2":{"start":{"line":3,"column":20},"end":{"line":3,"column":62}},"3":{"start":{"line":4,"column":20},"end":{"line":4,"column":62}},"4":{"start":{"line":6,"column":0},"end":{"line":11,"column":3}},"5":{"start":{"line":7,"column":2},"end":{"line":9,"column":3}},"6":{"start":{"line":8,"column":4},"end":{"line":8,"column":35}},"7":{"start":{"line":10,"column":2},"end":{"line":10,"column":33}},"8":{"start":{"line":13,"column":0},"end":{"line":13,"column":24}}},"fnMap":{"0":{"name":"(anonymous_0)","decl":{"start":{"line":6,"column":33},"end":{"line":6,"column":34}},"loc":{"start":{"line":6,"column":53},"end":{"line":11,"column":1}},"line":6}},"branchMap":{"0":{"loc":{"start":{"line":7,"column":2},"end":{"line":9,"column":3}},"type":"if","locations":[{"start":{"line":7,"column":2},"end":{"line":9,"column":3}},{"start":{},"end":{}}],"line":7},"1":{"loc":{"start":{"line":7,"column":6},"end":{"line":7,"column":79}},"type":"binary-expr","locations":[{"start":{"line":7,"column":6},"end":{"line":7,"column":22}},{"start":{"line":7,"column":27},"end":{"line":7,"column":51}},{"start":{"line":7,"column":55},"end":{"line":7,"column":78}}],"line":7}},"s":{"0":5,"1":5,"2":5,"3":5,"4":5,"5":3,"6":1,"7":2,"8":5},"f":{"0":3},"b":{"0":[1,2],"1":[3,2,0]},"_coverageSchema":"1a1c01bbd47fc00a2c39e90264f33305004495a9","hash":"0d8df0c22e712d635c6c8b37e40b931637819a1a"}
,"C:\\Users\\mishe\\Desktop\\BE_cost_manager-fixed\\src\\routes\\index.js": {"path":"C:\\Users\\mishe\\Desktop\\BE_cost_manager-fixed\\src\\routes\\index.js","statementMap":{"0":{"start":{"line":2,"column":15},"end":{"line":2,"column":42}},"1":{"start":{"line":4,"column":0},"end":{"line":4,"column":36}},"2":{"start":{"line":5,"column":0},"end":{"line":5,"column":38}},"3":{"start":{"line":6,"column":0},"end":{"line":6,"column":40}},"4":{"start":{"line":7,"column":0},"end":{"line":7,"column":37}},"5":{"start":{"line":8,"column":0},"end":{"line":8,"column":38}},"6":{"start":{"line":10,"column":0},"end":{"line":10,"column":24}}},"fnMap":{},"branchMap":{},"s":{"0":5,"1":5,"2":5,"3":5,"4":5,"5":5,"6":5},"f":{},"b":{},"_coverageSchema":"1a1c01bbd47fc00a2c39e90264f33305004495a9","hash":"5dfcb31ebc22dfadb70875a3f36b9b087738e0ed"}
,"C:\\Users\\mishe\\Desktop\\BE_cost_manager-fixed\\src\\routes\\logs.routes.js": {"path":"C:\\Users\\mishe\\Desktop\\BE_cost_manager-fixed\\src\\routes\\logs.routes.js","statementMap":{"0":{"start":{"line":1,"column":16},"end":{"line":1,"column":34}},"1":{"start":{"line":2,"column":21},"end":{"line":2,"column":62}},"2":{"start":{"line":4,"column":15},"end":{"line":4,"column":31}},"3":{"start":{"line":6,"column":0},"end":{"line":6,"column":30}},"4":{"start":{"line":8,"column":0},"end":{"line":8,"column":24}}},"fnMap":{},"branchMap":{},"s":{"0":5,"1":5,"2":5,"3":5,"4":5},"f":{},"b":{},"_coverageSchema":"1a1c01bbd47fc00a2c39e90264f33305004495a9","hash":"da8d696c4b6e4ed457f93bbd8f42b215d809f929"}
,"C:\\Users\\mishe\\Desktop\\BE_cost_manager-fixed\\src\\routes\\reports.routes.js": {"path":"C:\\Users\\mishe\\Desktop\\BE_cost_manager-fixed\\src\\routes\\reports.routes.js","statementMap":{"0":{"start":{"line":1,"column":16},"end":{"line":1,"column":34}},"1":{"start":{"line":2,"column":22},"end":{"line":2,"column":66}},"2":{"start":{"line":4,"column":15},"end":{"line":4,"column":31}},"3":{"start":{"line":7,"column":0},"end":{"line":7,"column":33}},"4":{"start":{"line":9,"column":0},"end":{"line":9,"column":24}}},"fnMap":{},"branchMap":{},"s":{"0":5,"1":5,"2":5,"3":5,"4":5},"f":{},"b":{},"_coverageSchema":"1a1c01bbd47fc00a2c39e90264f33305004495a9","hash":"53749f1b1eb286b5f27bf4b2c330bfa3d9a4105a"}
,"C:\\Users\\mishe\\Desktop\\BE_cost_manager-fixed\\src\\routes\\users.routes.js": {"path":"C:\\Users\\mishe\\Desktop\\BE_cost_manager-fixed\\src\\routes\\users.routes.js","statementMap":{"0":{"start":{"line":1,"column":16},"end":{"line":1,"column":34}},"1":{"start":{"line":2,"column":35},"end":{"line":2,"column":77}},"2":{"start":{"line":4,"column":15},"end":{"line":4,"column":31}},"3":{"start":{"line":7,"column":0},"end":{"line":7,"column":38}},"4":{"start":{"line":8,"column":0},"end":{"line":8,"column":32}},"5":{"start":{"line":10,"column":0},"end":{"line":10,"column":24}}},"fnMap":{},"branchMap":{},"s":{"0":5,"1":5,"2":5,"3":5,"4":5,"5":5},"f":{},"b":{},"_coverageSchema":"1a1c01bbd47fc00a2c39e90264f33305004495a9","hash":"0646c3769e248a72e1f93ae8747d929f7bef7296"}
,"C:\\Users\\mishe\\Desktop\\BE_cost_manager-fixed\\src\\services\\report-compute.service.js": {"path":"C:\\Users\\mishe\\Desktop\\BE_cost_manager-fixed\\src\\services\\report-compute.service.js","statementMap":{"0":{"start":{"line":1,"column":17},"end":{"line":1,"column":36}},"1":{"start":{"line":2,"column":15},"end":{"line":2,"column":47}},"2":{"start":{"line":3,"column":15},"end":{"line":3,"column":49}},"3":{"start":{"line":4,"column":15},"end":{"line":4,"column":47}},"4":{"start":{"line":6,"column":19},"end":{"line":6,"column":71}},"5":{"start":{"line":9,"column":16},"end":{"line":9,"column":63}},"6":{"start":{"line":10,"column":16},"end":{"line":10,"column":63}},"7":{"start":{"line":11,"column":2},"end":{"line":11,"column":24}},"8":{"start":{"line":15,"column":17},"end":{"line":15,"column":65}},"9":{"start":{"line":15,"column":56},"end":{"line":15,"column":63}},"10":{"start":{"line":16,"column":2},"end":{"line":22,"column":3}},"11":{"start":{"line":17,"column":4},"end":{"line":17,"column":51}},"12":{"start":{"line":17,"column":42},"end":{"line":17,"column":51}},"13":{"start":{"line":18,"column":14},"end":{"line":18,"column":58}},"14":{"start":{"line":19,"column":16},"end":{"line":19,"column":54}},"15":{"start":{"line":20,"column":4},"end":{"line":20,"column":30}},"16":{"start":{"line":20,"column":21},"end":{"line":20,"column":30}},"17":{"start":{"line":21,"column":4},"end":{"line":21,"column":77}},"18":{"start":{"line":23,"column":2},"end":{"line":28,"column":4}},"19":{"start":{"line":27,"column":32},"end":{"line":27,"column":50}},"20":{"start":{"line":32,"column":14},"end":{"line":32,"column":24}},"21":{"start":{"line":33,"column":28},"end":{"line":33,"column":90}},"22":{"start":{"line":34,"column":18},"end":{"line":34,"column":45}},"23":{"start":{"line":35,"column":2},"end":{"line":35,"column":54}},"24":{"start":{"line":39,"column":2},"end":{"line":59,"column":3}},"25":{"start":{"line":40,"column":4},"end":{"line":44,"column":5}},"26":{"start":{"line":41,"column":16},"end":{"line":41,"column":62}},"27":{"start":{"line":42,"column":6},"end":{"line":42,"column":32}},"28":{"start":{"line":43,"column":6},"end":{"line":43,"column":14}},"29":{"start":{"line":45,"column":14},"end":{"line":45,"column":55}},"30":{"start":{"line":46,"column":4},"end":{"line":50,"column":5}},"31":{"start":{"line":47,"column":16},"end":{"line":47,"column":43}},"32":{"start":{"line":48,"column":6},"end":{"line":48,"column":32}},"33":{"start":{"line":49,"column":6},"end":{"line":49,"column":14}},"34":{"start":{"line":52,"column":4},"end":{"line":56,"column":5}},"35":{"start":{"line":53,"column":16},"end":{"line":53,"column":43}},"36":{"start":{"line":54,"column":6},"end":{"line":54,"column":32}},"37":{"start":{"line":55,"column":6},"end":{"line":55,"column":14}},"38":{"start":{"line":57,"column":4},"end":{"line":57,"column":56}},"39":{"start":{"line":57,"column":46},"end":{"line":57,"column":56}},"40":{"start":{"line":58,"column":4},"end":{"line":58,"column":14}},"41":{"start":{"line":63,"column":17},"end":{"line":63,"column":27}},"42":{"start":{"line":64,"column":12},"end":{"line":64,"column":24}},"43":{"start":{"line":65,"column":12},"end":{"line":65,"column":25}},"44":{"start":{"line":67,"column":2},"end":{"line":71,"column":3}},"45":{"start":{"line":68,"column":14},"end":{"line":68,"column":41}},"46":{"start":{"line":69,"column":4},"end":{"line":69,"column":26}},"47":{"start":{"line":70,"column":4},"end":{"line":70,"column":12}},"48":{"start":{"line":74,"column":2},"end":{"line":74,"column":33}},"49":{"start":{"line":76,"column":25},"end":{"line":76,"column":45}},"50":{"start":{"line":77,"column":15},"end":{"line":77,"column":35}},"51":{"start":{"line":79,"column":2},"end":{"line":84,"column":3}},"52":{"start":{"line":80,"column":19},"end":{"line":80,"column":77}},"53":{"start":{"line":81,"column":4},"end":{"line":83,"column":5}},"54":{"start":{"line":82,"column":6},"end":{"line":82,"column":64}},"55":{"start":{"line":86,"column":15},"end":{"line":86,"column":88}},"56":{"start":{"line":87,"column":17},"end":{"line":87,"column":48}},"57":{"start":{"line":89,"column":2},"end":{"line":95,"column":3}},"58":{"start":{"line":90,"column":4},"end":{"line":94,"column":6}},"59":{"start":{"line":97,"column":2},"end":{"line":97,"column":16}},"60":{"start":{"line":100,"column":0},"end":{"line":100,"column":38}}},"fnMap":{"0":{"name":"monthWindowUTC","decl":{"start":{"line":8,"column":9},"end":{"line":8,"column":23}},"loc":{"start":{"line":8,"column":37},"end":{"line":12,"column":1}},"line":8},"1":{"name":"buildReport","decl":{"start":{"line":14,"column":9},"end":{"line":14,"column":20}},"loc":{"start":{"line":14,"column":48},"end":{"line":29,"column":1}},"line":14},"2":{"name":"(anonymous_2)","decl":{"start":{"line":15,"column":51},"end":{"line":15,"column":52}},"loc":{"start":{"line":15,"column":56},"end":{"line":15,"column":63}},"line":15},"3":{"name":"(anonymous_3)","decl":{"start":{"line":27,"column":26},"end":{"line":27,"column":27}},"loc":{"start":{"line":27,"column":32},"end":{"line":27,"column":50}},"line":27},"4":{"name":"isPastMonthUTC","decl":{"start":{"line":31,"column":9},"end":{"line":31,"column":23}},"loc":{"start":{"line":31,"column":37},"end":{"line":36,"column":1}},"line":31},"5":{"name":"ensureUserExists","decl":{"start":{"line":38,"column":15},"end":{"line":38,"column":31}},"loc":{"start":{"line":38,"column":40},"end":{"line":60,"column":1}},"line":38},"6":{"name":"getMonthlyReport","decl":{"start":{"line":62,"column":15},"end":{"line":62,"column":31}},"loc":{"start":{"line":62,"column":53},"end":{"line":98,"column":1}},"line":62}},"branchMap":{"0":{"loc":{"start":{"line":17,"column":4},"end":{"line":17,"column":51}},"type":"if","locations":[{"start":{"line":17,"column":4},"end":{"line":17,"column":51}},{"start":{},"end":{}}],"line":17},"1":{"loc":{"start":{"line":18,"column":14},"end":{"line":18,"column":58}},"type":"cond-expr","locations":[{"start":{"line":18,"column":29},"end":{"line":18,"column":51}},{"start":{"line":18,"column":54},"end":{"line":18,"column":58}}],"line":18},"2":{"loc":{"start":{"line":19,"column":16},"end":{"line":19,"column":54}},"type":"cond-expr","locations":[{"start":{"line":19,"column":33},"end":{"line":19,"column":47}},{"start":{"line":19,"column":50},"end":{"line":19,"column":54}}],"line":19},"3":{"loc":{"start":{"line":19,"column":16},"end":{"line":19,"column":30}},"type":"binary-expr","locations":[{"start":{"line":19,"column":16},"end":{"line":19,"column":17}},{"start":{"line":19,"column":21},"end":{"line":19,"column":30}}],"line":19},"4":{"loc":{"start":{"line":20,"column":4},"end":{"line":20,"column":30}},"type":"if","locations":[{"start":{"line":20,"column":4},"end":{"line":20,"column":30}},{"start":{},"end":{}}],"line":20},"5":{"loc":{"start":{"line":40,"column":4},"end":{"line":44,"column":5}},"type":"if","locations":[{"start":{"line":40,"column":4},"end":{"line":44,"column":5}},{"start":{},"end":{}}],"line":40},"6":{"loc":{"start":{"line":46,"column":4},"end":{"line":50,"column":5}},"type":"if","locations":[{"start":{"line":46,"column":4},"end":{"line":50,"column":5}},{"start":{},"end":{}}],"line":46},"7":{"loc":{"start":{"line":52,"column":4},"end":{"line":56,"column":5}},"type":"if","locations":[{"start":{"line":52,"column":4},"end":{"line":56,"column":5}},{"start":{},"end":{}}],"line":52},"8":{"loc":{"start":{"line":52,"column":8},"end":{"line":52,"column":123}},"type":"binary-expr","locations":[{"start":{"line":52,"column":8},"end":{"line":52,"column":11}},{"start":{"line":52,"column":16},"end":{"line":52,"column":44}},{"start":{"line":52,"column":48},"end":{"line":52,"column":80}},{"start":{"line":52,"column":84},"end":{"line":52,"column":122}}],"line":52},"9":{"loc":{"start":{"line":57,"column":4},"end":{"line":57,"column":56}},"type":"if","locations":[{"start":{"line":57,"column":4},"end":{"line":57,"column":56}},{"start":{},"end":{}}],"line":57},"10":{"loc":{"start":{"line":57,"column":8},"end":{"line":57,"column":44}},"type":"binary-expr","locations":[{"start":{"line":57,"column":8},"end":{"line":57,"column":11}},{"start":{"line":57,"column":15},"end":{"line":57,"column":44}}],"line":57},"11":{"loc":{"start":{"line":67,"column":2},"end":{"line":71,"column":3}},"type":"if","locations":[{"start":{"line":67,"column":2},"end":{"line":71,"column":3}},{"start":{},"end":{}}],"line":67},"12":{"loc":{"start":{"line":67,"column":6},"end":{"line":67,"column":98}},"type":"binary-expr","locations":[{"start":{"line":67,"column":6},"end":{"line":67,"column":31}},{"start":{"line":67,"column":35},"end":{"line":67,"column":55}},{"start":{"line":67,"column":59},"end":{"line":67,"column":79}},{"start":{"line":67,"column":83},"end":{"line":67,"column":88}},{"start":{"line":67,"column":92},"end":{"line":67,"column":98}}],"line":67},"13":{"loc":{"start":{"line":79,"column":2},"end":{"line":84,"column":3}},"type":"if","locations":[{"start":{"line":79,"column":2},"end":{"line":84,"column":3}},{"start":{},"end":{}}],"line":79},"14":{"loc":{"start":{"line":81,"column":4},"end":{"line":83,"column":5}},"type":"if","locations":[{"start":{"line":81,"column":4},"end":{"line":83,"column":5}},{"start":{},"end":{}}],"line":81},"15":{"loc":{"start":{"line":89,"column":2},"end":{"line":95,"column":3}},"type":"if","locations":[{"start":{"line":89,"column":2},"end":{"line":95,"column":3}},{"start":{},"end":{}}],"line":89}},"s":{"0":4,"1":4,"2":4,"3":4,"4":4,"5":0,"6":0,"7":0,"8":0,"9":0,"10":0,"11":0,"12":0,"13":0,"14":0,"15":0,"16":0,"17":0,"18":0,"19":0,"20":0,"21":0,"22":0,"23":0,"24":0,"25":0,"26":0,"27":0,"28":0,"29":0,"30":0,"31":0,"32":0,"33":0,"34":0,"35":0,"36":0,"37":0,"38":0,"39":0,"40":0,"41":0,"42":0,"43":0,"44":0,"45":0,"46":0,"47":0,"48":0,"49":0,"50":0,"51":0,"52":0,"53":0,"54":0,"55":0,"56":0,"57":0,"58":0,"59":0,"60":4},"f":{"0":0,"1":0,"2":0,"3":0,"4":0,"5":0,"6":0},"b":{"0":[0,0],"1":[0,0],"2":[0,0],"3":[0,0],"4":[0,0],"5":[0,0],"6":[0,0],"7":[0,0],"8":[0,0,0,0],"9":[0,0],"10":[0,0],"11":[0,0],"12":[0,0,0,0,0],"13":[0,0],"14":[0,0],"15":[0,0]},"_coverageSchema":"1a1c01bbd47fc00a2c39e90264f33305004495a9","hash":"56567f11e3993d8eb5918c54827465c9936c3976"}
}
