TN:
SF:src\app.js
FNF:0
FNH:0
DA:1,5
DA:2,5
DA:4,5
DA:5,5
DA:7,5
DA:9,5
DA:12,5
DA:14,5
LF:8
LH:8
BRF:0
BRH:0
end_of_record
TN:
SF:src\config\logger.js
FN:10,persistRequestLog
FN:13,(anonymous_1)
FN:45,logEndpointEntry
FN:49,(anonymous_3)
FN:49,(anonymous_4)
FNF:5
FNH:3
FNDA:11,persistRequestLog
FNDA:11,(anonymous_1)
FNDA:7,logEndpointEntry
FNDA:0,(anonymous_3)
FNDA:0,(anonymous_4)
DA:1,5
DA:2,5
DA:3,5
DA:5,5
DA:8,5
DA:11,11
DA:13,11
DA:14,11
DA:17,0
DA:20,0
DA:31,0
DA:32,0
DA:33,0
DA:35,0
DA:38,0
DA:42,11
DA:46,7
DA:49,5
DA:50,0
DA:51,0
DA:54,5
LF:21
LH:12
BRDA:5,0,0,5
BRDA:5,0,1,5
BRDA:11,1,0,11
BRDA:11,1,1,0
BRDA:14,2,0,11
BRDA:14,2,1,0
BRDA:17,3,0,0
BRDA:17,3,1,0
BRDA:18,4,0,0
BRDA:18,4,1,0
BRDA:24,5,0,0
BRDA:24,5,1,0
BRDA:32,6,0,0
BRDA:32,6,1,0
BRDA:32,7,0,0
BRDA:32,7,1,0
BRF:16
BRH:4
end_of_record
TN:
SF:src\controllers\about.controller.js
FN:9,getAbout
FNF:1
FNH:1
FNDA:1,getAbout
DA:1,5
DA:3,5
DA:10,1
DA:11,1
DA:14,5
LF:5
LH:5
BRF:0
BRH:0
end_of_record
TN:
SF:src\controllers\costs.controller.js
FN:7,(anonymous_0)
FNF:1
FNH:1
FNDA:2,(anonymous_0)
DA:1,5
DA:2,5
DA:3,5
DA:5,5
DA:7,5
DA:8,2
DA:9,2
DA:11,2
DA:12,2
DA:15,2
DA:23,0
DA:27,2
DA:28,0
DA:33,2
DA:34,2
DA:35,2
DA:36,0
DA:38,2
DA:42,0
DA:44,2
DA:45,1
DA:48,1
DA:49,1
DA:50,0
DA:52,1
DA:53,1
DA:54,0
DA:58,1
DA:66,1
DA:75,0
DA:76,0
DA:78,0
LF:32
LH:23
BRDA:9,0,0,2
BRDA:9,0,1,0
BRDA:15,1,0,0
BRDA:15,1,1,2
BRDA:16,2,0,2
BRDA:16,2,1,2
BRDA:16,2,2,2
BRDA:16,2,3,2
BRDA:16,2,4,2
BRDA:27,3,0,0
BRDA:27,3,1,2
BRDA:35,4,0,0
BRDA:35,4,1,2
BRDA:35,5,0,2
BRDA:35,5,1,1
BRDA:44,6,0,1
BRDA:44,6,1,1
BRDA:48,7,0,0
BRDA:48,7,1,1
BRDA:49,8,0,0
BRDA:49,8,1,1
BRDA:53,9,0,0
BRDA:53,9,1,1
BRDA:53,10,0,1
BRDA:53,10,1,0
BRDA:75,11,0,0
BRDA:75,11,1,0
BRF:27
BRH:17
end_of_record
TN:
SF:src\controllers\logs.controller.js
FN:5,listLogs
FNF:1
FNH:1
FNDA:1,listLogs
DA:1,5
DA:2,5
DA:6,1
DA:7,1
DA:8,1
DA:9,1
DA:11,0
DA:15,5
LF:8
LH:7
BRF:0
BRH:0
end_of_record
TN:
SF:src\controllers\reports.controller.js
FN:5,getReport
FNF:1
FNH:1
FNDA:2,getReport
DA:1,5
DA:2,5
DA:6,2
DA:8,2
DA:9,2
DA:10,2
DA:11,2
DA:13,2
DA:19,1
DA:22,1
DA:23,1
DA:26,0
DA:27,0
DA:29,0
DA:30,0
DA:32,0
DA:36,5
LF:17
LH:12
BRDA:13,0,0,1
BRDA:13,0,1,1
BRDA:14,1,0,2
BRDA:14,1,1,1
BRDA:14,1,2,1
BRDA:14,1,3,1
BRDA:14,1,4,1
BRDA:26,2,0,0
BRDA:26,2,1,0
BRDA:26,3,0,0
BRDA:26,3,1,0
BRDA:29,4,0,0
BRDA:29,4,1,0
BRDA:29,5,0,0
BRDA:29,5,1,0
BRF:15
BRH:7
end_of_record
TN:
SF:src\controllers\users.controller.js
FN:6,addUser
FN:30,getUserById
FN:59,listUsers
FNF:3
FNH:3
FNDA:1,addUser
FNDA:1,getUserById
FNDA:1,listUsers
DA:1,5
DA:2,5
DA:3,5
DA:7,1
DA:8,1
DA:9,1
DA:11,1
DA:12,1
DA:14,1
DA:15,1
DA:17,1
DA:18,1
DA:25,0
DA:31,1
DA:32,1
DA:33,1
DA:35,1
DA:39,1
DA:41,1
DA:45,1
DA:47,1
DA:54,0
DA:60,1
DA:61,1
DA:62,1
DA:66,1
DA:68,0
DA:72,5
LF:28
LH:25
BRDA:12,0,0,0
BRDA:12,0,1,1
BRDA:15,1,0,0
BRDA:15,1,1,1
BRDA:22,2,0,1
BRDA:22,2,1,1
BRDA:39,3,0,0
BRDA:39,3,1,1
BRDA:45,4,0,1
BRDA:45,4,1,0
BRDA:45,5,0,1
BRDA:45,5,1,1
BRDA:66,6,0,1
BRDA:66,6,1,0
BRF:14
BRH:9
end_of_record
TN:
SF:src\middleware\request-logger.js
FNF:0
FNH:0
DA:2,5
DA:5,5
LF:2
LH:2
BRF:0
BRH:0
end_of_record
TN:
SF:src\middleware\validate.js
FN:5,validateAdd
FN:41,validateReport
FNF:2
FNH:1
FNDA:5,validateAdd
FNDA:0,validateReport
DA:2,5
DA:6,5
DA:7,5
DA:8,5
DA:10,5
DA:12,5
DA:13,1
DA:14,1
DA:15,0
DA:16,1
DA:17,0
DA:18,1
DA:19,0
DA:20,0
DA:22,4
DA:23,2
DA:24,0
DA:25,2
DA:26,0
DA:27,2
DA:28,2
DA:29,2
DA:30,0
DA:31,0
DA:34,2
DA:37,5
DA:38,3
DA:42,0
DA:43,0
DA:44,0
DA:45,0
DA:47,0
DA:48,0
DA:49,0
DA:51,0
DA:52,0
DA:55,5
LF:37
LH:20
BRDA:6,0,0,5
BRDA:6,0,1,0
BRDA:7,1,0,5
BRDA:7,1,1,4
BRDA:7,1,2,0
BRDA:8,2,0,5
BRDA:8,2,1,3
BRDA:8,2,2,0
BRDA:12,3,0,1
BRDA:12,3,1,4
BRDA:13,4,0,0
BRDA:13,4,1,1
BRDA:14,5,0,0
BRDA:14,5,1,1
BRDA:14,6,0,1
BRDA:14,6,1,1
BRDA:16,7,0,0
BRDA:16,7,1,1
BRDA:16,8,0,1
BRDA:16,8,1,1
BRDA:18,9,0,0
BRDA:18,9,1,1
BRDA:20,10,0,0
BRDA:20,10,1,0
BRDA:22,11,0,2
BRDA:22,11,1,2
BRDA:23,12,0,0
BRDA:23,12,1,2
BRDA:23,13,0,2
BRDA:23,13,1,2
BRDA:25,14,0,0
BRDA:25,14,1,2
BRDA:25,15,0,2
BRDA:25,15,1,2
BRDA:27,16,0,0
BRDA:27,16,1,2
BRDA:28,17,0,0
BRDA:28,17,1,2
BRDA:29,18,0,0
BRDA:29,18,1,2
BRDA:31,19,0,0
BRDA:31,19,1,0
BRDA:37,20,0,2
BRDA:37,20,1,3
BRDA:42,21,0,0
BRDA:42,21,1,0
BRDA:44,22,0,0
BRDA:44,22,1,0
BRDA:44,23,0,0
BRDA:44,23,1,0
BRDA:44,23,2,0
BRDA:47,24,0,0
BRDA:47,24,1,0
BRDA:48,25,0,0
BRDA:48,25,1,0
BRDA:49,26,0,0
BRDA:49,26,1,0
BRDA:51,27,0,0
BRDA:51,27,1,0
BRF:59
BRH:28
end_of_record
TN:
SF:src\models\costs.model.js
FNF:0
FNH:0
DA:1,3
DA:4,3
DA:6,3
DA:19,3
LF:4
LH:4
BRF:0
BRH:0
end_of_record
TN:
SF:src\models\logs.model.js
FNF:0
FNH:0
DA:1,4
DA:4,4
DA:19,4
LF:3
LH:3
BRF:0
BRH:0
end_of_record
TN:
SF:src\models\reports.model.js
FNF:0
FNH:0
DA:1,4
DA:9,4
DA:19,4
DA:21,4
LF:4
LH:4
BRF:0
BRH:0
end_of_record
TN:
SF:src\models\users.model.js
FNF:0
FNH:0
DA:1,3
DA:3,3
DA:13,3
LF:3
LH:3
BRF:0
BRH:0
end_of_record
TN:
SF:src\routes\about.routes.js
FNF:0
FNH:0
DA:1,5
DA:2,5
DA:4,5
DA:6,5
DA:8,5
LF:5
LH:5
BRF:0
BRH:0
end_of_record
TN:
SF:src\routes\add.routes.js
FN:6,(anonymous_0)
FNF:1
FNH:1
FNDA:3,(anonymous_0)
DA:1,5
DA:2,5
DA:3,5
DA:4,5
DA:6,5
DA:7,3
DA:8,1
DA:10,2
DA:13,5
LF:9
LH:9
BRDA:7,0,0,1
BRDA:7,0,1,2
BRDA:7,1,0,3
BRDA:7,1,1,2
BRDA:7,1,2,0
BRF:5
BRH:4
end_of_record
TN:
SF:src\routes\index.js
FNF:0
FNH:0
DA:2,5
DA:4,5
DA:5,5
DA:6,5
DA:7,5
DA:8,5
DA:10,5
LF:7
LH:7
BRF:0
BRH:0
end_of_record
TN:
SF:src\routes\logs.routes.js
FNF:0
FNH:0
DA:1,5
DA:2,5
DA:4,5
DA:6,5
DA:8,5
LF:5
LH:5
BRF:0
BRH:0
end_of_record
TN:
SF:src\routes\reports.routes.js
FNF:0
FNH:0
DA:1,5
DA:2,5
DA:4,5
DA:7,5
DA:9,5
LF:5
LH:5
BRF:0
BRH:0
end_of_record
TN:
SF:src\routes\users.routes.js
FNF:0
FNH:0
DA:1,5
DA:2,5
DA:4,5
DA:7,5
DA:8,5
DA:10,5
LF:6
LH:6
BRF:0
BRH:0
end_of_record
TN:
SF:src\services\report-compute.service.js
FN:8,monthWindowUTC
FN:14,buildReport
FN:15,(anonymous_2)
FN:27,(anonymous_3)
FN:31,isPastMonthUTC
FN:38,ensureUserExists
FN:62,getMonthlyReport
FNF:7
FNH:0
FNDA:0,monthWindowUTC
FNDA:0,buildReport
FNDA:0,(anonymous_2)
FNDA:0,(anonymous_3)
FNDA:0,isPastMonthUTC
FNDA:0,ensureUserExists
FNDA:0,getMonthlyReport
DA:1,4
DA:2,4
DA:3,4
DA:4,4
DA:6,4
DA:9,0
DA:10,0
DA:11,0
DA:15,0
DA:16,0
DA:17,0
DA:18,0
DA:19,0
DA:20,0
DA:21,0
DA:23,0
DA:27,0
DA:32,0
DA:33,0
DA:34,0
DA:35,0
DA:39,0
DA:40,0
DA:41,0
DA:42,0
DA:43,0
DA:45,0
DA:46,0
DA:47,0
DA:48,0
DA:49,0
DA:52,0
DA:53,0
DA:54,0
DA:55,0
DA:57,0
DA:58,0
DA:63,0
DA:64,0
DA:65,0
DA:67,0
DA:68,0
DA:69,0
DA:70,0
DA:74,0
DA:76,0
DA:77,0
DA:79,0
DA:80,0
DA:81,0
DA:82,0
DA:86,0
DA:87,0
DA:89,0
DA:90,0
DA:97,0
DA:100,4
LF:57
LH:6
BRDA:17,0,0,0
BRDA:17,0,1,0
BRDA:18,1,0,0
BRDA:18,1,1,0
BRDA:19,2,0,0
BRDA:19,2,1,0
BRDA:19,3,0,0
BRDA:19,3,1,0
BRDA:20,4,0,0
BRDA:20,4,1,0
BRDA:40,5,0,0
BRDA:40,5,1,0
BRDA:46,6,0,0
BRDA:46,6,1,0
BRDA:52,7,0,0
BRDA:52,7,1,0
BRDA:52,8,0,0
BRDA:52,8,1,0
BRDA:52,8,2,0
BRDA:52,8,3,0
BRDA:57,9,0,0
BRDA:57,9,1,0
BRDA:57,10,0,0
BRDA:57,10,1,0
BRDA:67,11,0,0
BRDA:67,11,1,0
BRDA:67,12,0,0
BRDA:67,12,1,0
BRDA:67,12,2,0
BRDA:67,12,3,0
BRDA:67,12,4,0
BRDA:79,13,0,0
BRDA:79,13,1,0
BRDA:81,14,0,0
BRDA:81,14,1,0
BRDA:89,15,0,0
BRDA:89,15,1,0
BRF:37
BRH:0
end_of_record
